99: 2021-04-17 17:05:27,083 
Traceback (most recent call last):
  File "C:\Users\Breno\OneDrive\Área de Trabalho\LAC\django-arduino\connection_esp32\consumers.py", line 96, in read
    json_line = json.loads(decoded_line)
  File "C:\Users\Breno\anaconda3\lib\json\__init__.py", line 357, in loads
    return _default_decoder.decode(s)
  File "C:\Users\Breno\anaconda3\lib\json\decoder.py", line 337, in decode
    obj, end = self.raw_decode(s, idx=_w(s, 0).end())
  File "C:\Users\Breno\anaconda3\lib\json\decoder.py", line 355, in raw_decode
    raise JSONDecodeError("Expecting value", s, err.value) from None
json.decoder.JSONDecodeError: Expecting value: line 1 column 1 (char 0)
99: 2021-04-17 17:05:27,083 
Traceback (most recent call last):
  File "C:\Users\Breno\OneDrive\Área de Trabalho\LAC\django-arduino\connection_esp32\consumers.py", line 96, in read
    json_line = json.loads(decoded_line)
  File "C:\Users\Breno\anaconda3\lib\json\__init__.py", line 357, in loads
    return _default_decoder.decode(s)
  File "C:\Users\Breno\anaconda3\lib\json\decoder.py", line 337, in decode
    obj, end = self.raw_decode(s, idx=_w(s, 0).end())
  File "C:\Users\Breno\anaconda3\lib\json\decoder.py", line 355, in raw_decode
    raise JSONDecodeError("Expecting value", s, err.value) from None
json.decoder.JSONDecodeError: Expecting value: line 2 column 1 (char 2)
99: 2021-04-17 17:05:27,115 
Traceback (most recent call last):
  File "C:\Users\Breno\OneDrive\Área de Trabalho\LAC\django-arduino\connection_esp32\consumers.py", line 96, in read
    json_line = json.loads(decoded_line)
  File "C:\Users\Breno\anaconda3\lib\json\__init__.py", line 357, in loads
    return _default_decoder.decode(s)
  File "C:\Users\Breno\anaconda3\lib\json\decoder.py", line 337, in decode
    obj, end = self.raw_decode(s, idx=_w(s, 0).end())
  File "C:\Users\Breno\anaconda3\lib\json\decoder.py", line 355, in raw_decode
    raise JSONDecodeError("Expecting value", s, err.value) from None
json.decoder.JSONDecodeError: Expecting value: line 1 column 1 (char 0)
99: 2021-04-17 17:05:27,115 
Traceback (most recent call last):
  File "C:\Users\Breno\OneDrive\Área de Trabalho\LAC\django-arduino\connection_esp32\consumers.py", line 96, in read
    json_line = json.loads(decoded_line)
  File "C:\Users\Breno\anaconda3\lib\json\__init__.py", line 357, in loads
    return _default_decoder.decode(s)
  File "C:\Users\Breno\anaconda3\lib\json\decoder.py", line 337, in decode
    obj, end = self.raw_decode(s, idx=_w(s, 0).end())
  File "C:\Users\Breno\anaconda3\lib\json\decoder.py", line 355, in raw_decode
    raise JSONDecodeError("Expecting value", s, err.value) from None
json.decoder.JSONDecodeError: Expecting value: line 1 column 1 (char 0)
99: 2021-04-17 17:05:27,146 
Traceback (most recent call last):
  File "C:\Users\Breno\OneDrive\Área de Trabalho\LAC\django-arduino\connection_esp32\consumers.py", line 96, in read
    json_line = json.loads(decoded_line)
  File "C:\Users\Breno\anaconda3\lib\json\__init__.py", line 357, in loads
    return _default_decoder.decode(s)
  File "C:\Users\Breno\anaconda3\lib\json\decoder.py", line 337, in decode
    obj, end = self.raw_decode(s, idx=_w(s, 0).end())
  File "C:\Users\Breno\anaconda3\lib\json\decoder.py", line 355, in raw_decode
    raise JSONDecodeError("Expecting value", s, err.value) from None
json.decoder.JSONDecodeError: Expecting value: line 1 column 1 (char 0)
99: 2021-04-17 17:05:27,162 
Traceback (most recent call last):
  File "C:\Users\Breno\OneDrive\Área de Trabalho\LAC\django-arduino\connection_esp32\consumers.py", line 96, in read
    json_line = json.loads(decoded_line)
  File "C:\Users\Breno\anaconda3\lib\json\__init__.py", line 357, in loads
    return _default_decoder.decode(s)
  File "C:\Users\Breno\anaconda3\lib\json\decoder.py", line 337, in decode
    obj, end = self.raw_decode(s, idx=_w(s, 0).end())
  File "C:\Users\Breno\anaconda3\lib\json\decoder.py", line 355, in raw_decode
    raise JSONDecodeError("Expecting value", s, err.value) from None
json.decoder.JSONDecodeError: Expecting value: line 1 column 1 (char 0)
99: 2021-04-17 17:05:27,177 
Traceback (most recent call last):
  File "C:\Users\Breno\OneDrive\Área de Trabalho\LAC\django-arduino\connection_esp32\consumers.py", line 96, in read
    json_line = json.loads(decoded_line)
  File "C:\Users\Breno\anaconda3\lib\json\__init__.py", line 357, in loads
    return _default_decoder.decode(s)
  File "C:\Users\Breno\anaconda3\lib\json\decoder.py", line 337, in decode
    obj, end = self.raw_decode(s, idx=_w(s, 0).end())
  File "C:\Users\Breno\anaconda3\lib\json\decoder.py", line 355, in raw_decode
    raise JSONDecodeError("Expecting value", s, err.value) from None
json.decoder.JSONDecodeError: Expecting value: line 1 column 1 (char 0)
99: 2021-04-17 17:05:27,177 
Traceback (most recent call last):
  File "C:\Users\Breno\OneDrive\Área de Trabalho\LAC\django-arduino\connection_esp32\consumers.py", line 96, in read
    json_line = json.loads(decoded_line)
  File "C:\Users\Breno\anaconda3\lib\json\__init__.py", line 357, in loads
    return _default_decoder.decode(s)
  File "C:\Users\Breno\anaconda3\lib\json\decoder.py", line 337, in decode
    obj, end = self.raw_decode(s, idx=_w(s, 0).end())
  File "C:\Users\Breno\anaconda3\lib\json\decoder.py", line 355, in raw_decode
    raise JSONDecodeError("Expecting value", s, err.value) from None
json.decoder.JSONDecodeError: Expecting value: line 1 column 1 (char 0)
99: 2021-04-17 17:05:27,193 
Traceback (most recent call last):
  File "C:\Users\Breno\OneDrive\Área de Trabalho\LAC\django-arduino\connection_esp32\consumers.py", line 96, in read
    json_line = json.loads(decoded_line)
  File "C:\Users\Breno\anaconda3\lib\json\__init__.py", line 357, in loads
    return _default_decoder.decode(s)
  File "C:\Users\Breno\anaconda3\lib\json\decoder.py", line 337, in decode
    obj, end = self.raw_decode(s, idx=_w(s, 0).end())
  File "C:\Users\Breno\anaconda3\lib\json\decoder.py", line 355, in raw_decode
    raise JSONDecodeError("Expecting value", s, err.value) from None
json.decoder.JSONDecodeError: Expecting value: line 1 column 1 (char 0)
99: 2021-04-17 17:05:27,208 
Traceback (most recent call last):
  File "C:\Users\Breno\OneDrive\Área de Trabalho\LAC\django-arduino\connection_esp32\consumers.py", line 96, in read
    json_line = json.loads(decoded_line)
  File "C:\Users\Breno\anaconda3\lib\json\__init__.py", line 357, in loads
    return _default_decoder.decode(s)
  File "C:\Users\Breno\anaconda3\lib\json\decoder.py", line 337, in decode
    obj, end = self.raw_decode(s, idx=_w(s, 0).end())
  File "C:\Users\Breno\anaconda3\lib\json\decoder.py", line 355, in raw_decode
    raise JSONDecodeError("Expecting value", s, err.value) from None
json.decoder.JSONDecodeError: Expecting value: line 1 column 1 (char 0)
99: 2021-04-17 17:05:27,224 
Traceback (most recent call last):
  File "C:\Users\Breno\OneDrive\Área de Trabalho\LAC\django-arduino\connection_esp32\consumers.py", line 96, in read
    json_line = json.loads(decoded_line)
  File "C:\Users\Breno\anaconda3\lib\json\__init__.py", line 357, in loads
    return _default_decoder.decode(s)
  File "C:\Users\Breno\anaconda3\lib\json\decoder.py", line 337, in decode
    obj, end = self.raw_decode(s, idx=_w(s, 0).end())
  File "C:\Users\Breno\anaconda3\lib\json\decoder.py", line 355, in raw_decode
    raise JSONDecodeError("Expecting value", s, err.value) from None
json.decoder.JSONDecodeError: Expecting value: line 1 column 1 (char 0)
99: 2021-04-17 17:05:27,224 
Traceback (most recent call last):
  File "C:\Users\Breno\OneDrive\Área de Trabalho\LAC\django-arduino\connection_esp32\consumers.py", line 96, in read
    json_line = json.loads(decoded_line)
  File "C:\Users\Breno\anaconda3\lib\json\__init__.py", line 357, in loads
    return _default_decoder.decode(s)
  File "C:\Users\Breno\anaconda3\lib\json\decoder.py", line 337, in decode
    obj, end = self.raw_decode(s, idx=_w(s, 0).end())
  File "C:\Users\Breno\anaconda3\lib\json\decoder.py", line 355, in raw_decode
    raise JSONDecodeError("Expecting value", s, err.value) from None
json.decoder.JSONDecodeError: Expecting value: line 1 column 1 (char 0)
99: 2021-04-17 17:05:37,979 
Traceback (most recent call last):
  File "C:\Users\Breno\OneDrive\Área de Trabalho\LAC\django-arduino\connection_esp32\consumers.py", line 96, in read
    json_line = json.loads(decoded_line)
  File "C:\Users\Breno\anaconda3\lib\json\__init__.py", line 357, in loads
    return _default_decoder.decode(s)
  File "C:\Users\Breno\anaconda3\lib\json\decoder.py", line 337, in decode
    obj, end = self.raw_decode(s, idx=_w(s, 0).end())
  File "C:\Users\Breno\anaconda3\lib\json\decoder.py", line 355, in raw_decode
    raise JSONDecodeError("Expecting value", s, err.value) from None
json.decoder.JSONDecodeError: Expecting value: line 1 column 1 (char 0)
119: 2021-04-17 17:05:37,994 
Traceback (most recent call last):
  File "C:\Users\Breno\OneDrive\Área de Trabalho\LAC\django-arduino\connection_esp32\consumers.py", line 42, in connect
    await asyncio.gather(reader)
  File "C:\Users\Breno\OneDrive\Área de Trabalho\LAC\django-arduino\connection_esp32\consumers.py", line 93, in read
    raw_data: bytes = await self.aio_instance.readline_async()
  File "C:\Users\Breno\OneDrive\Área de Trabalho\LAC\django-arduino\venv\lib\site-packages\aioserial\aioserial.py", line 124, in readline_async
    return await self.loop.run_in_executor(
  File "C:\Users\Breno\anaconda3\lib\concurrent\futures\thread.py", line 57, in run
    result = self.fn(*self.args, **self.kwargs)
  File "C:\Users\Breno\OneDrive\Área de Trabalho\LAC\django-arduino\venv\lib\site-packages\serial\serialwin32.py", line 275, in read
    raise SerialException("ClearCommError failed ({!r})".format(ctypes.WinError()))
serial.serialutil.SerialException: ClearCommError failed (PermissionError(13, 'Acesso negado.', None, 5))

During handling of the above exception, another exception occurred:

Traceback (most recent call last):
  File "C:\Users\Breno\OneDrive\Área de Trabalho\LAC\django-arduino\connection_esp32\consumers.py", line 114, in connect_serial
    self.aio_instance = aioserial.AioSerial(port='COM4', baudrate=115200)
  File "C:\Users\Breno\OneDrive\Área de Trabalho\LAC\django-arduino\venv\lib\site-packages\aioserial\aioserial.py", line 36, in __init__
    super().__init__(
  File "C:\Users\Breno\OneDrive\Área de Trabalho\LAC\django-arduino\venv\lib\site-packages\serial\serialwin32.py", line 33, in __init__
    super(Serial, self).__init__(*args, **kwargs)
  File "C:\Users\Breno\OneDrive\Área de Trabalho\LAC\django-arduino\venv\lib\site-packages\serial\serialutil.py", line 244, in __init__
    self.open()
  File "C:\Users\Breno\OneDrive\Área de Trabalho\LAC\django-arduino\venv\lib\site-packages\serial\serialwin32.py", line 64, in open
    raise SerialException("could not open port {!r}: {!r}".format(self.portstr, ctypes.WinError()))
serial.serialutil.SerialException: could not open port 'COM4': FileNotFoundError(2, 'O sistema não pode encontrar o arquivo especificado.', None, 2)
119: 2021-04-17 17:05:41,006 
Traceback (most recent call last):
  File "C:\Users\Breno\OneDrive\Área de Trabalho\LAC\django-arduino\connection_esp32\consumers.py", line 42, in connect
    await asyncio.gather(reader)
  File "C:\Users\Breno\OneDrive\Área de Trabalho\LAC\django-arduino\connection_esp32\consumers.py", line 93, in read
    raw_data: bytes = await self.aio_instance.readline_async()
  File "C:\Users\Breno\OneDrive\Área de Trabalho\LAC\django-arduino\venv\lib\site-packages\aioserial\aioserial.py", line 124, in readline_async
    return await self.loop.run_in_executor(
  File "C:\Users\Breno\anaconda3\lib\concurrent\futures\thread.py", line 57, in run
    result = self.fn(*self.args, **self.kwargs)
  File "C:\Users\Breno\OneDrive\Área de Trabalho\LAC\django-arduino\venv\lib\site-packages\serial\serialwin32.py", line 275, in read
    raise SerialException("ClearCommError failed ({!r})".format(ctypes.WinError()))
serial.serialutil.SerialException: ClearCommError failed (PermissionError(13, 'Acesso negado.', None, 5))

During handling of the above exception, another exception occurred:

Traceback (most recent call last):
  File "C:\Users\Breno\OneDrive\Área de Trabalho\LAC\django-arduino\connection_esp32\consumers.py", line 114, in connect_serial
    self.aio_instance = aioserial.AioSerial(port='COM4', baudrate=115200)
  File "C:\Users\Breno\OneDrive\Área de Trabalho\LAC\django-arduino\venv\lib\site-packages\aioserial\aioserial.py", line 36, in __init__
    super().__init__(
  File "C:\Users\Breno\OneDrive\Área de Trabalho\LAC\django-arduino\venv\lib\site-packages\serial\serialwin32.py", line 33, in __init__
    super(Serial, self).__init__(*args, **kwargs)
  File "C:\Users\Breno\OneDrive\Área de Trabalho\LAC\django-arduino\venv\lib\site-packages\serial\serialutil.py", line 244, in __init__
    self.open()
  File "C:\Users\Breno\OneDrive\Área de Trabalho\LAC\django-arduino\venv\lib\site-packages\serial\serialwin32.py", line 64, in open
    raise SerialException("could not open port {!r}: {!r}".format(self.portstr, ctypes.WinError()))
serial.serialutil.SerialException: could not open port 'COM4': FileNotFoundError(2, 'O sistema não pode encontrar o arquivo especificado.', None, 2)
119: 2021-04-17 17:05:44,008 
Traceback (most recent call last):
  File "C:\Users\Breno\OneDrive\Área de Trabalho\LAC\django-arduino\connection_esp32\consumers.py", line 42, in connect
    await asyncio.gather(reader)
  File "C:\Users\Breno\OneDrive\Área de Trabalho\LAC\django-arduino\connection_esp32\consumers.py", line 93, in read
    raw_data: bytes = await self.aio_instance.readline_async()
  File "C:\Users\Breno\OneDrive\Área de Trabalho\LAC\django-arduino\venv\lib\site-packages\aioserial\aioserial.py", line 124, in readline_async
    return await self.loop.run_in_executor(
  File "C:\Users\Breno\anaconda3\lib\concurrent\futures\thread.py", line 57, in run
    result = self.fn(*self.args, **self.kwargs)
  File "C:\Users\Breno\OneDrive\Área de Trabalho\LAC\django-arduino\venv\lib\site-packages\serial\serialwin32.py", line 275, in read
    raise SerialException("ClearCommError failed ({!r})".format(ctypes.WinError()))
serial.serialutil.SerialException: ClearCommError failed (PermissionError(13, 'Acesso negado.', None, 5))

During handling of the above exception, another exception occurred:

Traceback (most recent call last):
  File "C:\Users\Breno\OneDrive\Área de Trabalho\LAC\django-arduino\connection_esp32\consumers.py", line 114, in connect_serial
    self.aio_instance = aioserial.AioSerial(port='COM4', baudrate=115200)
  File "C:\Users\Breno\OneDrive\Área de Trabalho\LAC\django-arduino\venv\lib\site-packages\aioserial\aioserial.py", line 36, in __init__
    super().__init__(
  File "C:\Users\Breno\OneDrive\Área de Trabalho\LAC\django-arduino\venv\lib\site-packages\serial\serialwin32.py", line 33, in __init__
    super(Serial, self).__init__(*args, **kwargs)
  File "C:\Users\Breno\OneDrive\Área de Trabalho\LAC\django-arduino\venv\lib\site-packages\serial\serialutil.py", line 244, in __init__
    self.open()
  File "C:\Users\Breno\OneDrive\Área de Trabalho\LAC\django-arduino\venv\lib\site-packages\serial\serialwin32.py", line 64, in open
    raise SerialException("could not open port {!r}: {!r}".format(self.portstr, ctypes.WinError()))
serial.serialutil.SerialException: could not open port 'COM4': FileNotFoundError(2, 'O sistema não pode encontrar o arquivo especificado.', None, 2)
